c:\users\santiago\documents\idv\5 cuatrimestre\graficas computacionales\proyectograficas-santiagotoll\graficas 1 -santiagotoll\example\example\debug\framework.pdb
c:\users\santiago\documents\idv\5 cuatrimestre\graficas computacionales\proyectograficas-santiagotoll\graficas 1 -santiagotoll\example\example\debug\framework.idb
c:\users\santiago\documents\idv\5 cuatrimestre\graficas computacionales\proyectograficas-santiagotoll\graficas 1 -santiagotoll\example\example\debug\camera.obj
c:\users\santiago\documents\idv\5 cuatrimestre\graficas computacionales\proyectograficas-santiagotoll\graficas 1 -santiagotoll\example\example\debug\core.obj
c:\users\santiago\documents\idv\5 cuatrimestre\graficas computacionales\proyectograficas-santiagotoll\graficas 1 -santiagotoll\example\example\debug\cubegl.obj
c:\users\santiago\documents\idv\5 cuatrimestre\graficas computacionales\proyectograficas-santiagotoll\graficas 1 -santiagotoll\example\example\debug\gldriver.obj
c:\users\santiago\documents\idv\5 cuatrimestre\graficas computacionales\proyectograficas-santiagotoll\graficas 1 -santiagotoll\example\example\debug\inputmanager.obj
c:\users\santiago\documents\idv\5 cuatrimestre\graficas computacionales\proyectograficas-santiagotoll\graficas 1 -santiagotoll\example\example\debug\matrix4d.obj
c:\users\santiago\documents\idv\5 cuatrimestre\graficas computacionales\proyectograficas-santiagotoll\graficas 1 -santiagotoll\example\example\debug\meshgl.obj
c:\users\santiago\documents\idv\5 cuatrimestre\graficas computacionales\proyectograficas-santiagotoll\graficas 1 -santiagotoll\example\example\debug\primitiveinstance.obj
c:\users\santiago\documents\idv\5 cuatrimestre\graficas computacionales\proyectograficas-santiagotoll\graficas 1 -santiagotoll\example\example\debug\primitivemanager.obj
c:\users\santiago\documents\idv\5 cuatrimestre\graficas computacionales\proyectograficas-santiagotoll\graficas 1 -santiagotoll\example\example\debug\textures.obj
c:\users\santiago\documents\idv\5 cuatrimestre\graficas computacionales\proyectograficas-santiagotoll\graficas 1 -santiagotoll\example\example\debug\timer.obj
c:\users\santiago\documents\idv\5 cuatrimestre\graficas computacionales\proyectograficas-santiagotoll\graficas 1 -santiagotoll\example\example\debug\trianglegl.obj
c:\users\santiago\documents\idv\5 cuatrimestre\graficas computacionales\proyectograficas-santiagotoll\graficas 1 -santiagotoll\example\example\debug\utilsgl.obj
c:\users\santiago\documents\idv\5 cuatrimestre\graficas computacionales\proyectograficas-santiagotoll\graficas 1 -santiagotoll\example\example\debug\win32framework.obj
c:\users\santiago\documents\idv\5 cuatrimestre\graficas computacionales\proyectograficas-santiagotoll\graficas 1 -santiagotoll\example\debug\framework.lib
c:\users\santiago\documents\idv\5 cuatrimestre\graficas computacionales\proyectograficas-santiagotoll\graficas 1 -santiagotoll\example\debug\framework.pdb
c:\users\santiago\documents\idv\5 cuatrimestre\graficas computacionales\proyectograficas-santiagotoll\graficas 1 -santiagotoll\example\example\debug\framework.tlog\cl.command.1.tlog
c:\users\santiago\documents\idv\5 cuatrimestre\graficas computacionales\proyectograficas-santiagotoll\graficas 1 -santiagotoll\example\example\debug\framework.tlog\cl.read.1.tlog
c:\users\santiago\documents\idv\5 cuatrimestre\graficas computacionales\proyectograficas-santiagotoll\graficas 1 -santiagotoll\example\example\debug\framework.tlog\cl.write.1.tlog
c:\users\santiago\documents\idv\5 cuatrimestre\graficas computacionales\proyectograficas-santiagotoll\graficas 1 -santiagotoll\example\example\debug\framework.tlog\lib-link.read.1.tlog
c:\users\santiago\documents\idv\5 cuatrimestre\graficas computacionales\proyectograficas-santiagotoll\graficas 1 -santiagotoll\example\example\debug\framework.tlog\lib-link.write.1.tlog
c:\users\santiago\documents\idv\5 cuatrimestre\graficas computacionales\proyectograficas-santiagotoll\graficas 1 -santiagotoll\example\example\debug\framework.tlog\lib.command.1.tlog
